==26777== Memcheck, a memory error detector
==26777== Copyright (C) 2002-2017, and GNU GPL'd, by Julian Seward et al.
==26777== Using Valgrind-3.17.0-07f0cdcbb4-20210319X and LibVEX; rerun with -h for copyright info
==26777== Command: ./bin/spmv -m ./res/language.mtx --dd-r-hsl 0.02
==26777== Parent PID: 26775
==26777== 
--26777-- 
--26777-- Valgrind options:
--26777--    --tool=memcheck
--26777--    --track-origins=yes
--26777--    --suppressions=./misc/valgrind.supp
--26777--    --leak-check=full
--26777--    --show-leak-kinds=all
--26777--    --log-file=./logs/valgrind.log
--26777--    -v
--26777-- Contents of /proc/version:
--26777--   Linux version 5.13.0-22-generic (buildd@lgw01-amd64-012) (gcc (Ubuntu 11.2.0-7ubuntu2) 11.2.0, GNU ld (GNU Binutils for Ubuntu) 2.37) #22-Ubuntu SMP Fri Nov 5 13:21:36 UTC 2021
--26777-- 
--26777-- Arch and hwcaps: AMD64, LittleEndian, amd64-cx16-lzcnt-rdtscp-sse3-ssse3-avx-avx2-bmi-f16c-rdrand-rdseed
--26777-- Page sizes: currently 4096, max supported 4096
--26777-- Valgrind library directory: /usr/libexec/valgrind
--26777-- Reading syms from /home/erhant/mcsr-spmv/bin/spmv
--26777-- Reading syms from /usr/lib/x86_64-linux-gnu/ld-linux-x86-64.so.2
--26777--   Considering /usr/lib/debug/.build-id/14/acb10bbdaefc6a64890c96417426ca820c0faa.debug ..
--26777--   .. build-id is valid
--26777-- Reading syms from /usr/libexec/valgrind/memcheck-amd64-linux
--26777--    object doesn't have a symbol table
--26777--    object doesn't have a dynamic symbol table
--26777-- Scheduler: using generic scheduler lock implementation.
--26777-- Reading suppressions file: ./misc/valgrind.supp
--26777-- Reading suppressions file: /usr/libexec/valgrind/default.supp
==26777== embedded gdbserver: reading from /tmp/vgdb-pipe-from-vgdb-to-26777-by-erhant-on-???
==26777== embedded gdbserver: writing to   /tmp/vgdb-pipe-to-vgdb-from-26777-by-erhant-on-???
==26777== embedded gdbserver: shared mem   /tmp/vgdb-pipe-shared-mem-vgdb-26777-by-erhant-on-???
==26777== 
==26777== TO CONTROL THIS PROCESS USING vgdb (which you probably
==26777== don't want to do, unless you know exactly what you're doing,
==26777== or are doing some strange experiment):
==26777==   /usr/bin/vgdb --pid=26777 ...command...
==26777== 
==26777== TO DEBUG THIS PROCESS USING GDB: start GDB like this
==26777==   /path/to/gdb ./bin/spmv
==26777== and then give GDB the following command
==26777==   target remote | /usr/bin/vgdb --pid=26777
==26777== --pid is optional if only one valgrind process is running
==26777== 
--26777-- REDIR: 0x4028150 (ld-linux-x86-64.so.2:strlen) redirected to 0x580bd4c2 (???)
--26777-- REDIR: 0x4027f20 (ld-linux-x86-64.so.2:index) redirected to 0x580bd4dc (???)
--26777-- Reading syms from /usr/libexec/valgrind/vgpreload_core-amd64-linux.so
--26777--    object doesn't have a symbol table
--26777-- Reading syms from /usr/libexec/valgrind/vgpreload_memcheck-amd64-linux.so
--26777--    object doesn't have a symbol table
==26777== WARNING: new redirection conflicts with existing -- ignoring it
--26777--     old: 0x04028150 (strlen              ) R-> (0000.0) 0x580bd4c2 ???
--26777--     new: 0x04028150 (strlen              ) R-> (2007.0) 0x04849d70 strlen
--26777-- REDIR: 0x4024930 (ld-linux-x86-64.so.2:strcmp) redirected to 0x484ac10 (strcmp)
--26777-- REDIR: 0x40286b0 (ld-linux-x86-64.so.2:mempcpy) redirected to 0x484e780 (mempcpy)
--26777-- Reading syms from /usr/lib/x86_64-linux-gnu/libm.so.6
--26777--   Considering /usr/lib/debug/.build-id/65/11403115c9bc3df0dcd7167d8766b7fcc2aee1.debug ..
--26777--   .. build-id is valid
--26777-- Reading syms from /usr/lib/x86_64-linux-gnu/libcudart.so.11.3.109
--26777--    object doesn't have a symbol table
--26777-- Reading syms from /usr/lib/x86_64-linux-gnu/libgfortran.so.5.0.0
--26777--    object doesn't have a symbol table
--26777-- Reading syms from /usr/lib/x86_64-linux-gnu/libgomp.so.1.0.0
--26777--    object doesn't have a symbol table
--26777-- Reading syms from /usr/lib/x86_64-linux-gnu/libc.so.6
--26777--   Considering /usr/lib/debug/.build-id/b8/037b6260865346802321dd2256b8ad1d857e63.debug ..
--26777--   .. build-id is valid
--26777-- Reading syms from /usr/lib/x86_64-linux-gnu/libdl.so.2
--26777--   Considering /usr/lib/debug/.build-id/59/92b84cf84251f4d81d349ef6149e04f608a236.debug ..
--26777--   .. build-id is valid
--26777-- Reading syms from /usr/lib/x86_64-linux-gnu/libpthread.so.0
--26777-- Reading syms from /usr/lib/x86_64-linux-gnu/librt.so.1
--26777--   Considering /usr/lib/debug/.build-id/5e/65a3b7edb8da3a4d352d6086a40bc3a29d180c.debug ..
--26777--   .. build-id is valid
--26777-- Reading syms from /usr/lib/x86_64-linux-gnu/libquadmath.so.0.0.0
--26777--    object doesn't have a symbol table
--26777-- Reading syms from /usr/lib/x86_64-linux-gnu/libgcc_s.so.1
--26777--    object doesn't have a symbol table
--26777-- REDIR: 0x4f94d70 (libc.so.6:strnlen) redirected to 0x483a1c0 (_vgnU_ifunc_wrapper)
--26777-- REDIR: 0x4f95030 (libc.so.6:strpbrk) redirected to 0x483a1c0 (_vgnU_ifunc_wrapper)
--26777-- REDIR: 0x4f94930 (libc.so.6:strcmp) redirected to 0x483a1c0 (_vgnU_ifunc_wrapper)
--26777-- REDIR: 0x4fb2e50 (libc.so.6:wcsnlen) redirected to 0x483a1c0 (_vgnU_ifunc_wrapper)
--26777-- REDIR: 0x4f95ca0 (libc.so.6:memset) redirected to 0x483a1c0 (_vgnU_ifunc_wrapper)
--26777-- REDIR: 0x4fb16c0 (libc.so.6:wcslen) redirected to 0x483a1c0 (_vgnU_ifunc_wrapper)
--26777-- REDIR: 0x4f961e0 (libc.so.6:memcpy@@GLIBC_2.14) redirected to 0x483a1c0 (_vgnU_ifunc_wrapper)
--26777-- REDIR: 0x4fb14f0 (libc.so.6:wcschr) redirected to 0x483a1c0 (_vgnU_ifunc_wrapper)
--26777-- REDIR: 0x4f948b0 (libc.so.6:index) redirected to 0x483a1c0 (_vgnU_ifunc_wrapper)
--26777-- REDIR: 0x4f94fb0 (libc.so.6:rindex) redirected to 0x483a1c0 (_vgnU_ifunc_wrapper)
--26777-- REDIR: 0x4f95b70 (libc.so.6:memmove) redirected to 0x483a1c0 (_vgnU_ifunc_wrapper)
==26777== Preferring higher priority redirection:
--26777--     old: 0x0508bec0 (__memcpy_avx_unalign) R-> (2018.0) 0x0484bed0 __memcpy_avx_unaligned_erms
--26777--     new: 0x0508bec0 (__memcpy_avx_unalign) R-> (2018.1) 0x0484d7c0 memmove
--26777-- REDIR: 0x4fb1570 (libc.so.6:wcscmp) redirected to 0x483a1c0 (_vgnU_ifunc_wrapper)
--26777-- REDIR: 0x4f95fb0 (libc.so.6:stpncpy) redirected to 0x483a1c0 (_vgnU_ifunc_wrapper)
--26777-- REDIR: 0x4fb1b30 (libc.so.6:wmemchr) redirected to 0x483a1c0 (_vgnU_ifunc_wrapper)
--26777-- REDIR: 0x4f94e80 (libc.so.6:strncmp) redirected to 0x483a1c0 (_vgnU_ifunc_wrapper)
--26777-- REDIR: 0x4f96040 (libc.so.6:strcasecmp) redirected to 0x483a1c0 (_vgnU_ifunc_wrapper)
--26777-- REDIR: 0x4f94a70 (libc.so.6:strcspn) redirected to 0x483a1c0 (_vgnU_ifunc_wrapper)
--26777-- REDIR: 0x4fb15f0 (libc.so.6:wcscpy) redirected to 0x483a1c0 (_vgnU_ifunc_wrapper)
--26777-- REDIR: 0x4f94820 (libc.so.6:strcat) redirected to 0x483a1c0 (_vgnU_ifunc_wrapper)
--26777-- REDIR: 0x4f96130 (libc.so.6:strncasecmp_l) redirected to 0x483a1c0 (_vgnU_ifunc_wrapper)
--26777-- REDIR: 0x4f95ad0 (libc.so.6:bcmp) redirected to 0x483a1c0 (_vgnU_ifunc_wrapper)
--26777-- REDIR: 0x4f9db10 (libc.so.6:memrchr) redirected to 0x483a1c0 (_vgnU_ifunc_wrapper)
--26777-- REDIR: 0x4f975f0 (libc.so.6:strchrnul) redirected to 0x483a1c0 (_vgnU_ifunc_wrapper)
--26777-- REDIR: 0x4f949e0 (libc.so.6:strcpy) redirected to 0x483a1c0 (_vgnU_ifunc_wrapper)
--26777-- REDIR: 0x4f960e0 (libc.so.6:strcasecmp_l) redirected to 0x483a1c0 (_vgnU_ifunc_wrapper)
--26777-- REDIR: 0x4f94cf0 (libc.so.6:strlen) redirected to 0x483a1c0 (_vgnU_ifunc_wrapper)
--26777-- REDIR: 0x4f94f20 (libc.so.6:strncpy) redirected to 0x483a1c0 (_vgnU_ifunc_wrapper)
--26777-- REDIR: 0x4f95f20 (libc.so.6:stpcpy) redirected to 0x483a1c0 (_vgnU_ifunc_wrapper)
--26777-- REDIR: 0x4f95a40 (libc.so.6:memchr) redirected to 0x483a1c0 (_vgnU_ifunc_wrapper)
--26777-- REDIR: 0x4f95150 (libc.so.6:strspn) redirected to 0x483a1c0 (_vgnU_ifunc_wrapper)
--26777-- REDIR: 0x4f95da0 (libc.so.6:mempcpy) redirected to 0x483a1c0 (_vgnU_ifunc_wrapper)
--26777-- REDIR: 0x4f96090 (libc.so.6:strncasecmp) redirected to 0x483a1c0 (_vgnU_ifunc_wrapper)
--26777-- REDIR: 0x4f97560 (libc.so.6:rawmemchr) redirected to 0x483a1c0 (_vgnU_ifunc_wrapper)
--26777-- REDIR: 0x5088d50 (libc.so.6:__strrchr_avx2) redirected to 0x4849750 (rindex)
--26777-- REDIR: 0x4f92c40 (libc.so.6:calloc) redirected to 0x4848970 (calloc)
--26777-- REDIR: 0x4f91990 (libc.so.6:malloc) redirected to 0x48437c0 (malloc)
--26777-- REDIR: 0x508bec0 (libc.so.6:__memcpy_avx_unaligned_erms) redirected to 0x484d7c0 (memmove)
--26777-- REDIR: 0x5088f20 (libc.so.6:__strlen_avx2) redirected to 0x4849c50 (strlen)
--26777-- REDIR: 0x4f91c90 (libc.so.6:free) redirected to 0x48461b0 (free)
--26777-- REDIR: 0x508c600 (libc.so.6:__memset_avx2_unaligned_erms) redirected to 0x484d6b0 (memset)
--26777-- REDIR: 0x5084300 (libc.so.6:__strcmp_avx2) redirected to 0x484ab10 (strcmp)
--26777-- Reading syms from /usr/lib/x86_64-linux-gnu/libcuda.so.470.86
--26777--    object doesn't have a symbol table
--26777-- REDIR: 0x4f95960 (libc.so.6:strstr) redirected to 0x483a1c0 (_vgnU_ifunc_wrapper)
--26777-- REDIR: 0x4f94df0 (libc.so.6:strncat) redirected to 0x483a1c0 (_vgnU_ifunc_wrapper)
--26777-- REDIR: 0x4f95610 (libc.so.6:__GI_strstr) redirected to 0x484ea20 (__strstr_sse2)
--26777-- REDIR: 0x5084c80 (libc.so.6:__memchr_avx2) redirected to 0x484ac90 (memchr)
--26777-- REDIR: 0x5084f50 (libc.so.6:__rawmemchr_avx2) redirected to 0x484e2a0 (rawmemchr)
--26777-- REDIR: 0x4f91fb0 (libc.so.6:realloc) redirected to 0x4848bf0 (realloc)
--26777-- REDIR: 0x5084740 (libc.so.6:__strncmp_avx2) redirected to 0x484a320 (strncmp)
--26777-- REDIR: 0x4fb0a30 (libc.so.6:memcpy@GLIBC_2.2.5) redirected to 0x484ad40 (memcpy@GLIBC_2.2.5)
--26777-- REDIR: 0x5089370 (libc.so.6:__strcat_avx2) redirected to 0x4849960 (strcat)
--26777-- REDIR: 0x50888c0 (libc.so.6:__strchr_avx2) redirected to 0x4849930 (index)
--26777-- REDIR: 0x508a780 (libc.so.6:__strncpy_avx2) redirected to 0x4849f20 (strncpy)
--26777-- REDIR: 0x508a3f0 (libc.so.6:__strcpy_avx2) redirected to 0x4849da0 (strcpy)
--26777-- REDIR: 0x5085880 (libc.so.6:__strcasecmp_avx) redirected to 0x484a4a0 (strcasecmp)
--26777-- REDIR: 0x5088b40 (libc.so.6:__strchrnul_avx2) redirected to 0x484e270 (strchrnul)
--26777-- REDIR: 0x508bea0 (libc.so.6:__mempcpy_avx_unaligned_erms) redirected to 0x484e380 (mempcpy)
--26777-- REDIR: 0x4fb0350 (libc.so.6:__strstr_sse2_unaligned) redirected to 0x484e990 (strstr)
==26777== Warning: noted but unhandled ioctl 0x30000001 with no size/direction hints.
==26777==    This could cause spurious value errors to appear.
==26777==    See README_MISSING_SYSCALL_OR_IOCTL for guidance on writing a proper wrapper.
==26777== Warning: noted but unhandled ioctl 0x27 with no size/direction hints.
==26777==    This could cause spurious value errors to appear.
==26777==    See README_MISSING_SYSCALL_OR_IOCTL for guidance on writing a proper wrapper.
==26777== Warning: noted but unhandled ioctl 0x25 with no size/direction hints.
==26777==    This could cause spurious value errors to appear.
==26777==    See README_MISSING_SYSCALL_OR_IOCTL for guidance on writing a proper wrapper.
==26777== Warning: noted but unhandled ioctl 0x17 with no size/direction hints.
==26777==    This could cause spurious value errors to appear.
==26777==    See README_MISSING_SYSCALL_OR_IOCTL for guidance on writing a proper wrapper.
==26777== Warning: set address range perms: large range [0x200000000, 0x300200000) (noaccess)
==26777== Warning: set address range perms: large range [0x6eb2000, 0x26eb1000) (noaccess)
==26777== Warning: noted but unhandled ioctl 0x19 with no size/direction hints.
==26777==    This could cause spurious value errors to appear.
==26777==    See README_MISSING_SYSCALL_OR_IOCTL for guidance on writing a proper wrapper.
==26777== Warning: noted but unhandled ioctl 0x49 with no size/direction hints.
==26777==    This could cause spurious value errors to appear.
==26777==    See README_MISSING_SYSCALL_OR_IOCTL for guidance on writing a proper wrapper.
==26777== Warning: noted but unhandled ioctl 0x21 with no size/direction hints.
==26777==    This could cause spurious value errors to appear.
==26777==    See README_MISSING_SYSCALL_OR_IOCTL for guidance on writing a proper wrapper.
==26777== Warning: noted but unhandled ioctl 0x1b with no size/direction hints.
==26777==    This could cause spurious value errors to appear.
==26777==    See README_MISSING_SYSCALL_OR_IOCTL for guidance on writing a proper wrapper.
==26777== Warning: noted but unhandled ioctl 0x44 with no size/direction hints.
==26777==    This could cause spurious value errors to appear.
==26777==    See README_MISSING_SYSCALL_OR_IOCTL for guidance on writing a proper wrapper.
==26777== Warning: noted but unhandled ioctl 0x48 with no size/direction hints.
==26777==    This could cause spurious value errors to appear.
==26777==    See README_MISSING_SYSCALL_OR_IOCTL for guidance on writing a proper wrapper.
--26777-- REDIR: 0x50899e0 (libc.so.6:__strncat_avx2) redirected to 0x4849b00 (strncat)
--26777-- REDIR: 0x5085440 (libc.so.6:__memcmp_avx2_movbe) redirected to 0x484cf50 (bcmp)
==26777== 
==26777== HEAP SUMMARY:
==26777==     in use at exit: 10,185,619 bytes in 9,665 blocks
==26777==   total heap usage: 18,036 allocs, 8,371 frees, 430,529,700 bytes allocated
==26777== 
==26777== Searching for pointers to 9,665 not-freed blocks
==26777== Checked 50,707,848 bytes
==26777== 
==26777== 8 bytes in 1 blocks are still reachable in loss record 10 of 1,213
==26777==    at 0x4843839: malloc (in /usr/libexec/valgrind/vgpreload_memcheck-amd64-linux.so)
==26777==    by 0x4EADEEC: ??? (in /usr/lib/x86_64-linux-gnu/libgomp.so.1.0.0)
==26777==    by 0x4EBF66A: ??? (in /usr/lib/x86_64-linux-gnu/libgomp.so.1.0.0)
==26777==    by 0x4EABEE4: ??? (in /usr/lib/x86_64-linux-gnu/libgomp.so.1.0.0)
==26777==    by 0x4011B1D: call_init.part.0 (dl-init.c:70)
==26777==    by 0x4011C07: call_init (dl-init.c:33)
==26777==    by 0x4011C07: _dl_init (dl-init.c:117)
==26777==    by 0x4001109: ??? (in /usr/lib/x86_64-linux-gnu/ld-linux-x86-64.so.2)
==26777==    by 0x4: ???
==26777==    by 0x1FFEFFFEB2: ???
==26777==    by 0x1FFEFFFEBD: ???
==26777==    by 0x1FFEFFFEC0: ???
==26777==    by 0x1FFEFFFED3: ???
==26777== 
==26777== 35 bytes in 1 blocks are still reachable in loss record 227 of 1,213
==26777==    at 0x4843839: malloc (in /usr/libexec/valgrind/vgpreload_memcheck-amd64-linux.so)
==26777==    by 0x40248FF: malloc (rtld-malloc.h:56)
==26777==    by 0x40248FF: strdup (strdup.c:42)
==26777==    by 0x401A439: _dl_load_cache_lookup (dl-cache.c:527)
==26777==    by 0x400AD9E: _dl_map_object (dl-load.c:2225)
==26777==    by 0x401623B: dl_open_worker (dl-open.c:530)
==26777==    by 0x50613B7: _dl_catch_exception (dl-error-skeleton.c:208)
==26777==    by 0x4015B8F: _dl_open (dl-open.c:863)
==26777==    by 0x4F7D52B: dlopen_doit (dlopen.c:56)
==26777==    by 0x50613B7: _dl_catch_exception (dl-error-skeleton.c:208)
==26777==    by 0x5061482: _dl_catch_error (dl-error-skeleton.c:227)
==26777==    by 0x4F7D02D: _dlerror_run (dlerror.c:138)
==26777==    by 0x4F7D5B7: dlopen_implementation (dlopen.c:71)
==26777==    by 0x4F7D5B7: dlopen@@GLIBC_2.34 (dlopen.c:81)
==26777== 
==26777== 35 bytes in 1 blocks are still reachable in loss record 228 of 1,213
==26777==    at 0x4843839: malloc (in /usr/libexec/valgrind/vgpreload_memcheck-amd64-linux.so)
==26777==    by 0x400D8A8: malloc (rtld-malloc.h:56)
==26777==    by 0x400D8A8: _dl_new_object (dl-object.c:196)
==26777==    by 0x4009165: _dl_map_object_from_fd (dl-load.c:1093)
==26777==    by 0x400AA3A: _dl_map_object (dl-load.c:2359)
==26777==    by 0x401623B: dl_open_worker (dl-open.c:530)
==26777==    by 0x50613B7: _dl_catch_exception (dl-error-skeleton.c:208)
==26777==    by 0x4015B8F: _dl_open (dl-open.c:863)
==26777==    by 0x4F7D52B: dlopen_doit (dlopen.c:56)
==26777==    by 0x50613B7: _dl_catch_exception (dl-error-skeleton.c:208)
==26777==    by 0x5061482: _dl_catch_error (dl-error-skeleton.c:227)
==26777==    by 0x4F7D02D: _dlerror_run (dlerror.c:138)
==26777==    by 0x4F7D5B7: dlopen_implementation (dlopen.c:71)
==26777==    by 0x4F7D5B7: dlopen@@GLIBC_2.34 (dlopen.c:81)
==26777== 
==26777== 1,205 bytes in 1 blocks are still reachable in loss record 989 of 1,213
==26777==    at 0x4848A23: calloc (in /usr/libexec/valgrind/vgpreload_memcheck-amd64-linux.so)
==26777==    by 0x400D5A4: calloc (rtld-malloc.h:44)
==26777==    by 0x400D5A4: _dl_new_object (dl-object.c:89)
==26777==    by 0x4009165: _dl_map_object_from_fd (dl-load.c:1093)
==26777==    by 0x400AA3A: _dl_map_object (dl-load.c:2359)
==26777==    by 0x401623B: dl_open_worker (dl-open.c:530)
==26777==    by 0x50613B7: _dl_catch_exception (dl-error-skeleton.c:208)
==26777==    by 0x4015B8F: _dl_open (dl-open.c:863)
==26777==    by 0x4F7D52B: dlopen_doit (dlopen.c:56)
==26777==    by 0x50613B7: _dl_catch_exception (dl-error-skeleton.c:208)
==26777==    by 0x5061482: _dl_catch_error (dl-error-skeleton.c:227)
==26777==    by 0x4F7D02D: _dlerror_run (dlerror.c:138)
==26777==    by 0x4F7D5B7: dlopen_implementation (dlopen.c:71)
==26777==    by 0x4F7D5B7: dlopen@@GLIBC_2.34 (dlopen.c:81)
==26777== 
==26777== LEAK SUMMARY:
==26777==    definitely lost: 0 bytes in 0 blocks
==26777==    indirectly lost: 0 bytes in 0 blocks
==26777==      possibly lost: 0 bytes in 0 blocks
==26777==    still reachable: 1,283 bytes in 4 blocks
==26777==         suppressed: 10,184,336 bytes in 9,661 blocks
==26777== 
==26777== ERROR SUMMARY: 0 errors from 0 contexts (suppressed: 111 from 111)
--26777-- 
--26777-- used_suppression:   1156 <alloc_libcuda> ./misc/valgrind.supp:106 suppressed: 10,179,211 bytes in 9,601 blocks
--26777-- used_suppression:     53 <alloc_libcudart> ./misc/valgrind.supp:126 suppressed: 5,125 bytes in 60 blocks
==26777== 
==26777== ERROR SUMMARY: 0 errors from 0 contexts (suppressed: 111 from 111)
